This file contains any messages produced by compilers while
running configure, to aid debugging if configure makes a mistake.

It was created by configure, which was
generated by GNU Autoconf 2.59.  Invocation command line was

  $ ./configure 

## --------- ##
## Platform. ##
## --------- ##

hostname = mtabler-mbp
uname -m = x86_64
uname -r = 12.5.0
uname -s = Darwin
uname -v = Darwin Kernel Version 12.5.0: Sun Sep 29 13:33:47 PDT 2013; root:xnu-2050.48.12~1/RELEASE_X86_64

/usr/bin/uname -p = i386
/bin/uname -X     = unknown

/bin/arch              = unknown
/usr/bin/arch -k       = unknown
/usr/convex/getsysinfo = unknown
hostinfo               = Mach kernel version:
	 Darwin Kernel Version 12.5.0: Sun Sep 29 13:33:47 PDT 2013; root:xnu-2050.48.12~1/RELEASE_X86_64
Kernel configured for up to 8 processors.
4 processors are physically available.
8 processors are logically available.
Processor type: i486 (Intel 80486)
Processors active: 0 1 2 3 4 5 6 7
Primary memory available: 16.00 gigabytes
Default processor set: 151 tasks, 1035 threads, 8 processors
Load average: 0.54, Mach factor: 7.45
/bin/machine           = unknown
/usr/bin/oslevel       = unknown
/bin/universe          = unknown

PATH: /Users/mtabler/.rbenv/shims
PATH: ~/.rbenv/shims
PATH: /Users/mtabler/bin
PATH: /usr/local/bin
PATH: /usr/local/sbin
PATH: /usr/bin
PATH: /bin
PATH: /usr/sbin
PATH: /sbin
PATH: /usr/local/bin
PATH: /Users/marktabler/bin


## ----------- ##
## Core tests. ##
## ----------- ##

configure:1547: checking for a BSD-compatible install
configure:1602: result: /usr/bin/install -c
configure:1613: checking whether build environment is sane
configure:1656: result: yes
configure:1721: checking for gawk
configure:1750: result: no
configure:1721: checking for mawk
configure:1750: result: no
configure:1721: checking for nawk
configure:1750: result: no
configure:1721: checking for awk
configure:1737: found /usr/bin/awk
configure:1747: result: awk
configure:1757: checking whether make sets $(MAKE)
configure:1777: result: yes
configure:1957: checking build system type
configure:1975: result: x86_64-apple-darwin12.5.0
configure:1983: checking host system type
configure:1997: result: x86_64-apple-darwin12.5.0
configure:2020: checking for style of include used by make
configure:2048: result: GNU
configure:2119: checking for gcc
configure:2135: found /usr/bin/gcc
configure:2145: result: gcc
configure:2389: checking for C compiler version
configure:2392: gcc --version </dev/null >&5
Configured with: --prefix=/usr --with-gxx-include-dir=/usr/include/c++/4.2.1
Apple LLVM version 5.0 (clang-500.2.75) (based on LLVM 3.3svn)
Target: x86_64-apple-darwin12.5.0
Thread model: posix
configure:2395: $? = 0
configure:2397: gcc -v </dev/null >&5
Configured with: --prefix=/usr --with-gxx-include-dir=/usr/include/c++/4.2.1
Apple LLVM version 5.0 (clang-500.2.75) (based on LLVM 3.3svn)
Target: x86_64-apple-darwin12.5.0
Thread model: posix
configure:2400: $? = 0
configure:2402: gcc -V </dev/null >&5
clang: error: argument to '-V' is missing (expected 1 value)
clang: error: no input files
configure:2405: $? = 1
configure:2428: checking for C compiler default output file name
configure:2431: gcc    conftest.c  >&5
configure:2434: $? = 0
configure:2480: result: a.out
configure:2485: checking whether the C compiler works
configure:2491: ./a.out
configure:2494: $? = 0
configure:2511: result: yes
configure:2518: checking whether we are cross compiling
configure:2520: result: no
configure:2523: checking for suffix of executables
configure:2525: gcc -o conftest    conftest.c  >&5
configure:2528: $? = 0
configure:2553: result: 
configure:2559: checking for suffix of object files
configure:2580: gcc -c   conftest.c >&5
configure:2583: $? = 0
configure:2605: result: o
configure:2609: checking whether we are using the GNU C compiler
configure:2633: gcc -c   conftest.c >&5
configure:2639: $? = 0
configure:2643: test -z 
			 || test ! -s conftest.err
configure:2646: $? = 0
configure:2649: test -s conftest.o
configure:2652: $? = 0
configure:2665: result: yes
configure:2671: checking whether gcc accepts -g
configure:2692: gcc -c -g  conftest.c >&5
configure:2698: $? = 0
configure:2702: test -z 
			 || test ! -s conftest.err
configure:2705: $? = 0
configure:2708: test -s conftest.o
configure:2711: $? = 0
configure:2722: result: yes
configure:2739: checking for gcc option to accept ANSI C
configure:2809: gcc  -c -g -O2  conftest.c >&5
configure:2815: $? = 0
configure:2819: test -z 
			 || test ! -s conftest.err
configure:2822: $? = 0
configure:2825: test -s conftest.o
configure:2828: $? = 0
configure:2846: result: none needed
configure:2864: gcc -c -g -O2  conftest.c >&5
conftest.c:2:3: error: unknown type name 'choke'
  choke me
  ^
conftest.c:2:11: error: expected ';' after top level declarator
  choke me
          ^
          ;
2 errors generated.
configure:2870: $? = 1
configure: failed program was:
| #ifndef __cplusplus
|   choke me
| #endif
configure:3005: checking dependency style of gcc
configure:3095: result: none
configure:3118: checking how to run the C preprocessor
configure:3153: gcc -E  conftest.c
configure:3159: $? = 0
configure:3191: gcc -E  conftest.c
conftest.c:11:10: fatal error: 'ac_nonexistent.h' file not found
#include <ac_nonexistent.h>
         ^
1 error generated.
configure:3197: $? = 1
configure: failed program was:
| /* confdefs.h.  */
| 
| #define PACKAGE_NAME ""
| #define PACKAGE_TARNAME ""
| #define PACKAGE_VERSION ""
| #define PACKAGE_STRING ""
| #define PACKAGE_BUGREPORT ""
| #define PACKAGE "siege"
| #define VERSION "3.0.5"
| /* end confdefs.h.  */
| #include <ac_nonexistent.h>
configure:3236: result: gcc -E
configure:3260: gcc -E  conftest.c
configure:3266: $? = 0
configure:3298: gcc -E  conftest.c
conftest.c:11:10: fatal error: 'ac_nonexistent.h' file not found
#include <ac_nonexistent.h>
         ^
1 error generated.
configure:3304: $? = 1
configure: failed program was:
| /* confdefs.h.  */
| 
| #define PACKAGE_NAME ""
| #define PACKAGE_TARNAME ""
| #define PACKAGE_VERSION ""
| #define PACKAGE_STRING ""
| #define PACKAGE_BUGREPORT ""
| #define PACKAGE "siege"
| #define VERSION "3.0.5"
| /* end confdefs.h.  */
| #include <ac_nonexistent.h>
configure:3348: checking for egrep
configure:3358: result: grep -E
configure:3364: checking for AIX
configure:3386: result: no
configure:3439: checking for gcc
configure:3465: result: gcc
configure:3709: checking for C compiler version
configure:3712: gcc --version </dev/null >&5
Configured with: --prefix=/usr --with-gxx-include-dir=/usr/include/c++/4.2.1
Apple LLVM version 5.0 (clang-500.2.75) (based on LLVM 3.3svn)
Target: x86_64-apple-darwin12.5.0
Thread model: posix
configure:3715: $? = 0
configure:3717: gcc -v </dev/null >&5
Configured with: --prefix=/usr --with-gxx-include-dir=/usr/include/c++/4.2.1
Apple LLVM version 5.0 (clang-500.2.75) (based on LLVM 3.3svn)
Target: x86_64-apple-darwin12.5.0
Thread model: posix
configure:3720: $? = 0
configure:3722: gcc -V </dev/null >&5
clang: error: argument to '-V' is missing (expected 1 value)
clang: error: no input files
configure:3725: $? = 1
configure:3728: checking whether we are using the GNU C compiler
configure:3784: result: yes
configure:3790: checking whether gcc accepts -g
configure:3841: result: yes
configure:3858: checking for gcc option to accept ANSI C
configure:3965: result: none needed
configure:3983: gcc -c -g -O2  conftest.c >&5
conftest.c:2:3: error: unknown type name 'choke'
  choke me
  ^
conftest.c:2:11: error: expected ';' after top level declarator
  choke me
          ^
          ;
2 errors generated.
configure:3989: $? = 1
configure: failed program was:
| #ifndef __cplusplus
|   choke me
| #endif
configure:4124: checking dependency style of gcc
configure:4214: result: none
configure:4304: checking for a sed that does not truncate output
configure:4360: result: /usr/bin/sed
configure:4374: checking for ld used by gcc
configure:4441: result: /usr/bin/ld
configure:4450: checking if the linker (/usr/bin/ld) is GNU ld
configure:4465: result: no
configure:4470: checking for /usr/bin/ld option to reload object files
configure:4477: result: -r
configure:4495: checking for BSD-compatible nm
configure:4544: result: /usr/bin/nm
configure:4548: checking whether ln -s works
configure:4552: result: yes
configure:4559: checking how to recognise dependent libraries
configure:4735: result: pass_all
configure:4966: checking for ANSI C header files
configure:4991: gcc -c -g -O2  conftest.c >&5
configure:4997: $? = 0
configure:5001: test -z 
			 || test ! -s conftest.err
configure:5004: $? = 0
configure:5007: test -s conftest.o
configure:5010: $? = 0
configure:5099: gcc -o conftest -g -O2   conftest.c  >&5
conftest.c:28:7: warning: implicitly declaring library function 'exit' with type 'void (int) __attribute__((noreturn))'
      exit(2);
      ^
conftest.c:28:7: note: please include the header <stdlib.h> or explicitly provide a declaration for 'exit'
1 warning generated.
configure:5102: $? = 0
configure:5104: ./conftest
configure:5107: $? = 0
configure:5122: result: yes
configure:5146: checking for sys/types.h
configure:5162: gcc -c -g -O2  conftest.c >&5
configure:5168: $? = 0
configure:5172: test -z 
			 || test ! -s conftest.err
configure:5175: $? = 0
configure:5178: test -s conftest.o
configure:5181: $? = 0
configure:5192: result: yes
configure:5146: checking for sys/stat.h
configure:5162: gcc -c -g -O2  conftest.c >&5
configure:5168: $? = 0
configure:5172: test -z 
			 || test ! -s conftest.err
configure:5175: $? = 0
configure:5178: test -s conftest.o
configure:5181: $? = 0
configure:5192: result: yes
configure:5146: checking for stdlib.h
configure:5162: gcc -c -g -O2  conftest.c >&5
configure:5168: $? = 0
configure:5172: test -z 
			 || test ! -s conftest.err
configure:5175: $? = 0
configure:5178: test -s conftest.o
configure:5181: $? = 0
configure:5192: result: yes
configure:5146: checking for string.h
configure:5162: gcc -c -g -O2  conftest.c >&5
configure:5168: $? = 0
configure:5172: test -z 
			 || test ! -s conftest.err
configure:5175: $? = 0
configure:5178: test -s conftest.o
configure:5181: $? = 0
configure:5192: result: yes
configure:5146: checking for memory.h
configure:5162: gcc -c -g -O2  conftest.c >&5
configure:5168: $? = 0
configure:5172: test -z 
			 || test ! -s conftest.err
configure:5175: $? = 0
configure:5178: test -s conftest.o
configure:5181: $? = 0
configure:5192: result: yes
configure:5146: checking for strings.h
configure:5162: gcc -c -g -O2  conftest.c >&5
configure:5168: $? = 0
configure:5172: test -z 
			 || test ! -s conftest.err
configure:5175: $? = 0
configure:5178: test -s conftest.o
configure:5181: $? = 0
configure:5192: result: yes
configure:5146: checking for inttypes.h
configure:5162: gcc -c -g -O2  conftest.c >&5
configure:5168: $? = 0
configure:5172: test -z 
			 || test ! -s conftest.err
configure:5175: $? = 0
configure:5178: test -s conftest.o
configure:5181: $? = 0
configure:5192: result: yes
configure:5146: checking for stdint.h
configure:5162: gcc -c -g -O2  conftest.c >&5
configure:5168: $? = 0
configure:5172: test -z 
			 || test ! -s conftest.err
configure:5175: $? = 0
configure:5178: test -s conftest.o
configure:5181: $? = 0
configure:5192: result: yes
configure:5146: checking for unistd.h
configure:5162: gcc -c -g -O2  conftest.c >&5
configure:5168: $? = 0
configure:5172: test -z 
			 || test ! -s conftest.err
configure:5175: $? = 0
configure:5178: test -s conftest.o
configure:5181: $? = 0
configure:5192: result: yes
configure:5218: checking dlfcn.h usability
configure:5230: gcc -c -g -O2  conftest.c >&5
configure:5236: $? = 0
configure:5240: test -z 
			 || test ! -s conftest.err
configure:5243: $? = 0
configure:5246: test -s conftest.o
configure:5249: $? = 0
configure:5259: result: yes
configure:5263: checking dlfcn.h presence
configure:5273: gcc -E  conftest.c
configure:5279: $? = 0
configure:5299: result: yes
configure:5334: checking for dlfcn.h
configure:5341: result: yes
configure:5406: checking for g++
configure:5422: found /usr/bin/g++
configure:5432: result: g++
configure:5448: checking for C++ compiler version
configure:5451: g++ --version </dev/null >&5
Configured with: --prefix=/usr --with-gxx-include-dir=/usr/include/c++/4.2.1
Apple LLVM version 5.0 (clang-500.2.75) (based on LLVM 3.3svn)
Target: x86_64-apple-darwin12.5.0
Thread model: posix
configure:5454: $? = 0
configure:5456: g++ -v </dev/null >&5
Configured with: --prefix=/usr --with-gxx-include-dir=/usr/include/c++/4.2.1
Apple LLVM version 5.0 (clang-500.2.75) (based on LLVM 3.3svn)
Target: x86_64-apple-darwin12.5.0
Thread model: posix
configure:5459: $? = 0
configure:5461: g++ -V </dev/null >&5
clang: error: argument to '-V' is missing (expected 1 value)
clang: error: no input files
configure:5464: $? = 1
configure:5467: checking whether we are using the GNU C++ compiler
configure:5491: g++ -c   conftest.cc >&5
configure:5497: $? = 0
configure:5501: test -z 
			 || test ! -s conftest.err
configure:5504: $? = 0
configure:5507: test -s conftest.o
configure:5510: $? = 0
configure:5523: result: yes
configure:5529: checking whether g++ accepts -g
configure:5550: g++ -c -g  conftest.cc >&5
configure:5556: $? = 0
configure:5560: test -z 
			 || test ! -s conftest.err
configure:5563: $? = 0
configure:5566: test -s conftest.o
configure:5569: $? = 0
configure:5580: result: yes
configure:5622: g++ -c -g -O2  conftest.cc >&5
configure:5628: $? = 0
configure:5632: test -z 
			 || test ! -s conftest.err
configure:5635: $? = 0
configure:5638: test -s conftest.o
configure:5641: $? = 0
configure:5667: g++ -c -g -O2  conftest.cc >&5
conftest.cc:26:1: error: use of undeclared identifier 'exit'
exit (42);
^
1 error generated.
configure:5673: $? = 1
configure: failed program was:
| /* confdefs.h.  */
| 
| #define PACKAGE_NAME ""
| #define PACKAGE_TARNAME ""
| #define PACKAGE_VERSION ""
| #define PACKAGE_STRING ""
| #define PACKAGE_BUGREPORT ""
| #define PACKAGE "siege"
| #define VERSION "3.0.5"
| #define STDC_HEADERS 1
| #define HAVE_SYS_TYPES_H 1
| #define HAVE_SYS_STAT_H 1
| #define HAVE_STDLIB_H 1
| #define HAVE_STRING_H 1
| #define HAVE_MEMORY_H 1
| #define HAVE_STRINGS_H 1
| #define HAVE_INTTYPES_H 1
| #define HAVE_STDINT_H 1
| #define HAVE_UNISTD_H 1
| #define HAVE_DLFCN_H 1
| /* end confdefs.h.  */
| 
| int
| main ()
| {
| exit (42);
|   ;
|   return 0;
| }
configure:5622: g++ -c -g -O2  conftest.cc >&5
conftest.cc:22:17: error: use of undeclared identifier 'std'
extern "C" void std::exit (int) throw (); using std::exit;
                ^
conftest.cc:22:49: error: use of undeclared identifier 'std'
extern "C" void std::exit (int) throw (); using std::exit;
                                                ^
2 errors generated.
configure:5628: $? = 1
configure: failed program was:
| /* confdefs.h.  */
| 
| #define PACKAGE_NAME ""
| #define PACKAGE_TARNAME ""
| #define PACKAGE_VERSION ""
| #define PACKAGE_STRING ""
| #define PACKAGE_BUGREPORT ""
| #define PACKAGE "siege"
| #define VERSION "3.0.5"
| #define STDC_HEADERS 1
| #define HAVE_SYS_TYPES_H 1
| #define HAVE_SYS_STAT_H 1
| #define HAVE_STDLIB_H 1
| #define HAVE_STRING_H 1
| #define HAVE_MEMORY_H 1
| #define HAVE_STRINGS_H 1
| #define HAVE_INTTYPES_H 1
| #define HAVE_STDINT_H 1
| #define HAVE_UNISTD_H 1
| #define HAVE_DLFCN_H 1
| /* end confdefs.h.  */
| extern "C" void std::exit (int) throw (); using std::exit;
| #include <stdlib.h>
| int
| main ()
| {
| exit (42);
|   ;
|   return 0;
| }
configure:5622: g++ -c -g -O2  conftest.cc >&5
conftest.cc:22:17: error: use of undeclared identifier 'std'
extern "C" void std::exit (int); using std::exit;
                ^
conftest.cc:22:40: error: use of undeclared identifier 'std'
extern "C" void std::exit (int); using std::exit;
                                       ^
2 errors generated.
configure:5628: $? = 1
configure: failed program was:
| /* confdefs.h.  */
| 
| #define PACKAGE_NAME ""
| #define PACKAGE_TARNAME ""
| #define PACKAGE_VERSION ""
| #define PACKAGE_STRING ""
| #define PACKAGE_BUGREPORT ""
| #define PACKAGE "siege"
| #define VERSION "3.0.5"
| #define STDC_HEADERS 1
| #define HAVE_SYS_TYPES_H 1
| #define HAVE_SYS_STAT_H 1
| #define HAVE_STDLIB_H 1
| #define HAVE_STRING_H 1
| #define HAVE_MEMORY_H 1
| #define HAVE_STRINGS_H 1
| #define HAVE_INTTYPES_H 1
| #define HAVE_STDINT_H 1
| #define HAVE_UNISTD_H 1
| #define HAVE_DLFCN_H 1
| /* end confdefs.h.  */
| extern "C" void std::exit (int); using std::exit;
| #include <stdlib.h>
| int
| main ()
| {
| exit (42);
|   ;
|   return 0;
| }
configure:5622: g++ -c -g -O2  conftest.cc >&5
configure:5628: $? = 0
configure:5632: test -z 
			 || test ! -s conftest.err
configure:5635: $? = 0
configure:5638: test -s conftest.o
configure:5641: $? = 0
configure:5667: g++ -c -g -O2  conftest.cc >&5
configure:5673: $? = 0
configure:5677: test -z 
			 || test ! -s conftest.err
configure:5680: $? = 0
configure:5683: test -s conftest.o
configure:5686: $? = 0
configure:5711: checking dependency style of g++
configure:5801: result: none
configure:5828: checking how to run the C++ preprocessor
configure:5859: g++ -E  conftest.cc
configure:5865: $? = 0
configure:5897: g++ -E  conftest.cc
conftest.cc:25:10: fatal error: 'ac_nonexistent.h' file not found
#include <ac_nonexistent.h>
         ^
1 error generated.
configure:5903: $? = 1
configure: failed program was:
| /* confdefs.h.  */
| 
| #define PACKAGE_NAME ""
| #define PACKAGE_TARNAME ""
| #define PACKAGE_VERSION ""
| #define PACKAGE_STRING ""
| #define PACKAGE_BUGREPORT ""
| #define PACKAGE "siege"
| #define VERSION "3.0.5"
| #define STDC_HEADERS 1
| #define HAVE_SYS_TYPES_H 1
| #define HAVE_SYS_STAT_H 1
| #define HAVE_STDLIB_H 1
| #define HAVE_STRING_H 1
| #define HAVE_MEMORY_H 1
| #define HAVE_STRINGS_H 1
| #define HAVE_INTTYPES_H 1
| #define HAVE_STDINT_H 1
| #define HAVE_UNISTD_H 1
| #define HAVE_DLFCN_H 1
| #ifdef __cplusplus
| extern "C" void exit (int) throw ();
| #endif
| /* end confdefs.h.  */
| #include <ac_nonexistent.h>
configure:5942: result: g++ -E
configure:5966: g++ -E  conftest.cc
configure:5972: $? = 0
configure:6004: g++ -E  conftest.cc
conftest.cc:25:10: fatal error: 'ac_nonexistent.h' file not found
#include <ac_nonexistent.h>
         ^
1 error generated.
configure:6010: $? = 1
configure: failed program was:
| /* confdefs.h.  */
| 
| #define PACKAGE_NAME ""
| #define PACKAGE_TARNAME ""
| #define PACKAGE_VERSION ""
| #define PACKAGE_STRING ""
| #define PACKAGE_BUGREPORT ""
| #define PACKAGE "siege"
| #define VERSION "3.0.5"
| #define STDC_HEADERS 1
| #define HAVE_SYS_TYPES_H 1
| #define HAVE_SYS_STAT_H 1
| #define HAVE_STDLIB_H 1
| #define HAVE_STRING_H 1
| #define HAVE_MEMORY_H 1
| #define HAVE_STRINGS_H 1
| #define HAVE_INTTYPES_H 1
| #define HAVE_STDINT_H 1
| #define HAVE_UNISTD_H 1
| #define HAVE_DLFCN_H 1
| #ifdef __cplusplus
| extern "C" void exit (int) throw ();
| #endif
| /* end confdefs.h.  */
| #include <ac_nonexistent.h>
configure:6107: checking for g77
configure:6136: result: no
configure:6107: checking for f77
configure:6136: result: no
configure:6107: checking for xlf
configure:6136: result: no
configure:6107: checking for frt
configure:6136: result: no
configure:6107: checking for pgf77
configure:6136: result: no
configure:6107: checking for fort77
configure:6136: result: no
configure:6107: checking for fl32
configure:6136: result: no
configure:6107: checking for af77
configure:6136: result: no
configure:6107: checking for f90
configure:6136: result: no
configure:6107: checking for xlf90
configure:6136: result: no
configure:6107: checking for pgf90
configure:6136: result: no
configure:6107: checking for epcf90
configure:6136: result: no
configure:6107: checking for f95
configure:6136: result: no
configure:6107: checking for fort
configure:6136: result: no
configure:6107: checking for xlf95
configure:6136: result: no
configure:6107: checking for ifc
configure:6136: result: no
configure:6107: checking for efc
configure:6136: result: no
configure:6107: checking for pgf95
configure:6136: result: no
configure:6107: checking for lf95
configure:6136: result: no
configure:6107: checking for gfortran
configure:6136: result: no
configure:6148: checking for Fortran 77 compiler version
configure:6151:  --version </dev/null >&5
./configure: line 6152: --version: command not found
configure:6154: $? = 127
configure:6156:  -v </dev/null >&5
./configure: line 6157: -v: command not found
configure:6159: $? = 127
configure:6161:  -V </dev/null >&5
./configure: line 6162: -V: command not found
configure:6164: $? = 127
configure:6172: checking whether we are using the GNU Fortran 77 compiler
configure:6186:  -c  conftest.F >&5
./configure: line 6187: -c: command not found
configure:6192: $? = 127
configure: failed program was:
|       program main
| #ifndef __GNUC__
|        choke me
| #endif
| 
|       end
configure:6218: result: no
configure:6224: checking whether  accepts -g
configure:6236:  -c -g conftest.f >&5
./configure: line 6237: -c: command not found
configure:6242: $? = 127
configure: failed program was:
|       program main
| 
|       end
configure:6267: result: no
configure:6297: checking the maximum length of command line arguments
configure:6406: result: 196608
configure:6417: checking command to parse /usr/bin/nm output from gcc object
configure:6522: gcc -c -g -O2  conftest.c >&5
configure:6525: $? = 0
configure:6529: /usr/bin/nm conftest.o \| sed -n -e 's/^.*[ 	]\([BCDEGRST][BCDEGRST]*\)[ 	][ 	]*\([_A-Za-z][_A-Za-z0-9]*\)$/\1 \2 \2/p' \> conftest.nm
configure:6532: $? = 0
cannot find nm_test_var in conftest.nm
configure:6522: gcc -c -g -O2  conftest.c >&5
configure:6525: $? = 0
configure:6529: /usr/bin/nm conftest.o \| sed -n -e 's/^.*[ 	]\([BCDEGRST][BCDEGRST]*\)[ 	][ 	]*_\([_A-Za-z][_A-Za-z0-9]*\)$/\1 _\2 \2/p' \> conftest.nm
configure:6532: $? = 0
configure:6584: gcc -o conftest -g -O2   conftest.c conftstm.o >&5
configure:6587: $? = 0
configure:6625: result: ok
configure:6629: checking for objdir
configure:6644: result: .libs
configure:6734: checking for ar
configure:6750: found /usr/bin/ar
configure:6761: result: ar
configure:6814: checking for ranlib
configure:6830: found /usr/bin/ranlib
configure:6841: result: ranlib
configure:6894: checking for strip
configure:6910: found /usr/bin/strip
configure:6921: result: strip
configure:7197: checking if gcc supports -fno-rtti -fno-exceptions
configure:7215: gcc -c -g -O2  -fno-rtti -fno-exceptions conftest.c >&5
configure:7219: $? = 0
configure:7232: result: yes
configure:7247: checking for gcc option to produce PIC
configure:7457: result: -fno-common
configure:7465: checking if gcc PIC flag -fno-common works
configure:7483: gcc -c -g -O2  -fno-common -DPIC conftest.c >&5
configure:7487: $? = 0
configure:7500: result: yes
configure:7528: checking if gcc static flag -static works
configure:7556: result: no
configure:7566: checking if gcc supports -c -o file.o
configure:7587: gcc -c -g -O2  -o out/conftest2.o conftest.c >&5
configure:7591: $? = 0
configure:7613: result: yes
configure:7639: checking whether the gcc linker (/usr/bin/ld) supports shared libraries
configure:8597: result: yes
configure:8664: checking dynamic linker characteristics
configure:9273: result: darwin12.5.0 dyld
configure:9282: checking how to hardcode library paths into programs
configure:9307: result: immediate
configure:9321: checking whether stripping libraries is possible
configure:9334: result: yes
configure:10160: checking if libtool supports shared libraries
configure:10162: result: yes
configure:10165: checking whether to build shared libraries
configure:10186: result: yes
configure:10189: checking whether to build static libraries
configure:10193: result: yes
configure:10285: creating libtool
configure:10876: checking for ld used by g++
configure:10943: result: /usr/bin/ld
configure:10952: checking if the linker (/usr/bin/ld) is GNU ld
configure:10967: result: no
configure:11018: checking whether the g++ linker (/usr/bin/ld) supports shared libraries
configure:11956: result: yes
configure:11978: g++ -c -g -O2  conftest.cpp >&5
configure:11981: $? = 0
configure:12100: checking for g++ option to produce PIC
configure:12374: result: -fno-common
configure:12382: checking if g++ PIC flag -fno-common works
configure:12400: g++ -c -g -O2  -fno-common -DPIC conftest.cpp >&5
configure:12404: $? = 0
configure:12417: result: yes
configure:12445: checking if g++ static flag -static works
configure:12473: result: no
configure:12483: checking if g++ supports -c -o file.o
configure:12504: g++ -c -g -O2  -o out/conftest2.o conftest.cpp >&5
configure:12508: $? = 0
configure:12530: result: yes
configure:12556: checking whether the g++ linker (/usr/bin/ld) supports shared libraries
configure:12581: result: yes
configure:12648: checking dynamic linker characteristics
configure:13257: result: darwin12.5.0 dyld
configure:13266: checking how to hardcode library paths into programs
configure:13291: result: immediate
configure:19502: checking for perl
configure:19520: found /usr/bin/perl
configure:19533: result: /usr/bin/perl
configure:19540: checking for a POSIX-compliant shell
configure:19576: result: /bin/sh
configure:19585: checking whether make sets $(MAKE)
configure:19605: result: yes
configure:19627: checking for a BSD-compatible install
configure:19682: result: /usr/bin/install -c
configure:19751: checking for buggy pthread mutex initializers
configure:19770: gcc -c -g -O2 -W -Wall -Werror -Wunused-value  conftest.c >&5
configure:19776: $? = 0
configure:19780: test -z 
			 || test ! -s conftest.err
configure:19783: $? = 0
configure:19786: test -s conftest.o
configure:19789: $? = 0
configure:19802: result: no
configure:19813: checking for dlopen() in -ldld
configure:19833: gcc -o conftest -g -O2   conftest.c  -ldld >&5
ld: library not found for -ldld
clang: error: linker command failed with exit code 1 (use -v to see invocation)
configure:19839: $? = 1
configure: failed program was:
| /* confdefs.h.  */
| 
| #define PACKAGE_NAME ""
| #define PACKAGE_TARNAME ""
| #define PACKAGE_VERSION ""
| #define PACKAGE_STRING ""
| #define PACKAGE_BUGREPORT ""
| #define PACKAGE "siege"
| #define VERSION "3.0.5"
| #define STDC_HEADERS 1
| #define HAVE_SYS_TYPES_H 1
| #define HAVE_SYS_STAT_H 1
| #define HAVE_STDLIB_H 1
| #define HAVE_STRING_H 1
| #define HAVE_MEMORY_H 1
| #define HAVE_STRINGS_H 1
| #define HAVE_INTTYPES_H 1
| #define HAVE_STDINT_H 1
| #define HAVE_UNISTD_H 1
| #define HAVE_DLFCN_H 1
| #ifdef __cplusplus
| extern "C" void exit (int) throw ();
| #endif
| /* end confdefs.h.  */
| 
| int
| main ()
| {
|  extern void* dlopen(); dlopen();
|   ;
|   return 0;
| }
configure:19867: result: no
configure:19875: checking for dlopen() in -ldl
configure:19895: gcc -o conftest -g -O2   conftest.c  -ldl >&5
configure:19901: $? = 0
configure:19905: test -z 
			 || test ! -s conftest.err
configure:19908: $? = 0
configure:19911: test -s conftest
configure:19914: $? = 0
configure:19916: result: yes
configure:19934: checking for random device
configure:19942: result: yes
configure:19974: result: checking for ssl support... yes
configure:19997: checking off/include/openssl/opensslv.h usability
configure:20009: gcc -c -g -O2  conftest.c >&5
conftest.c:60:10: fatal error: 'off/include/openssl/opensslv.h' file not found
#include <off/include/openssl/opensslv.h>
         ^
1 error generated.
configure:20015: $? = 1
configure: failed program was:
| /* confdefs.h.  */
| 
| #define PACKAGE_NAME ""
| #define PACKAGE_TARNAME ""
| #define PACKAGE_VERSION ""
| #define PACKAGE_STRING ""
| #define PACKAGE_BUGREPORT ""
| #define PACKAGE "siege"
| #define VERSION "3.0.5"
| #define STDC_HEADERS 1
| #define HAVE_SYS_TYPES_H 1
| #define HAVE_SYS_STAT_H 1
| #define HAVE_STDLIB_H 1
| #define HAVE_STRING_H 1
| #define HAVE_MEMORY_H 1
| #define HAVE_STRINGS_H 1
| #define HAVE_INTTYPES_H 1
| #define HAVE_STDINT_H 1
| #define HAVE_UNISTD_H 1
| #define HAVE_DLFCN_H 1
| #ifdef __cplusplus
| extern "C" void exit (int) throw ();
| #endif
| #define HAVE_DEV_RANDOM 1
| /* end confdefs.h.  */
| #include <stdio.h>
| #if HAVE_SYS_TYPES_H
| # include <sys/types.h>
| #endif
| #if HAVE_SYS_STAT_H
| # include <sys/stat.h>
| #endif
| #if STDC_HEADERS
| # include <stdlib.h>
| # include <stddef.h>
| #else
| # if HAVE_STDLIB_H
| #  include <stdlib.h>
| # endif
| #endif
| #if HAVE_STRING_H
| # if !STDC_HEADERS && HAVE_MEMORY_H
| #  include <memory.h>
| # endif
| # include <string.h>
| #endif
| #if HAVE_STRINGS_H
| # include <strings.h>
| #endif
| #if HAVE_INTTYPES_H
| # include <inttypes.h>
| #else
| # if HAVE_STDINT_H
| #  include <stdint.h>
| # endif
| #endif
| #if HAVE_UNISTD_H
| # include <unistd.h>
| #endif
| #include <off/include/openssl/opensslv.h>
configure:20038: result: no
configure:20042: checking off/include/openssl/opensslv.h presence
configure:20052: gcc -E  conftest.c
conftest.c:26:10: fatal error: 'off/include/openssl/opensslv.h' file not found
#include <off/include/openssl/opensslv.h>
         ^
1 error generated.
configure:20058: $? = 1
configure: failed program was:
| /* confdefs.h.  */
| 
| #define PACKAGE_NAME ""
| #define PACKAGE_TARNAME ""
| #define PACKAGE_VERSION ""
| #define PACKAGE_STRING ""
| #define PACKAGE_BUGREPORT ""
| #define PACKAGE "siege"
| #define VERSION "3.0.5"
| #define STDC_HEADERS 1
| #define HAVE_SYS_TYPES_H 1
| #define HAVE_SYS_STAT_H 1
| #define HAVE_STDLIB_H 1
| #define HAVE_STRING_H 1
| #define HAVE_MEMORY_H 1
| #define HAVE_STRINGS_H 1
| #define HAVE_INTTYPES_H 1
| #define HAVE_STDINT_H 1
| #define HAVE_UNISTD_H 1
| #define HAVE_DLFCN_H 1
| #ifdef __cplusplus
| extern "C" void exit (int) throw ();
| #endif
| #define HAVE_DEV_RANDOM 1
| /* end confdefs.h.  */
| #include <off/include/openssl/opensslv.h>
configure:20078: result: no
configure:20113: checking for off/include/openssl/opensslv.h
configure:20120: result: no
configure:20151: checking /usr/include/openssl/opensslv.h usability
configure:20163: gcc -c -g -O2  conftest.c >&5
configure:20169: $? = 0
configure:20173: test -z 
			 || test ! -s conftest.err
configure:20176: $? = 0
configure:20179: test -s conftest.o
configure:20182: $? = 0
configure:20192: result: yes
configure:20196: checking /usr/include/openssl/opensslv.h presence
configure:20206: gcc -E  conftest.c
configure:20212: $? = 0
configure:20232: result: yes
configure:20267: checking for /usr/include/openssl/opensslv.h
configure:20274: result: yes
configure:20294: checking for OpenSSL version
configure:20314: result: >= 0.9.8 (appropriate flag set)
configure:20385: checking for inline
configure:20406: gcc -c -g -O2 -I/usr/include/openssl -I/usr/include conftest.c >&5
configure:20412: $? = 0
configure:20416: test -z 
			 || test ! -s conftest.err
configure:20419: $? = 0
configure:20422: test -s conftest.o
configure:20425: $? = 0
configure:20437: result: inline
configure:20456: checking for int8_t
configure:20480: gcc -c -g -O2 -I/usr/include/openssl -I/usr/include conftest.c >&5
configure:20486: $? = 0
configure:20490: test -z 
			 || test ! -s conftest.err
configure:20493: $? = 0
configure:20496: test -s conftest.o
configure:20499: $? = 0
configure:20510: result: yes
configure:20522: checking for int16_t
configure:20546: gcc -c -g -O2 -I/usr/include/openssl -I/usr/include conftest.c >&5
configure:20552: $? = 0
configure:20556: test -z 
			 || test ! -s conftest.err
configure:20559: $? = 0
configure:20562: test -s conftest.o
configure:20565: $? = 0
configure:20576: result: yes
configure:20588: checking for int32_t
configure:20612: gcc -c -g -O2 -I/usr/include/openssl -I/usr/include conftest.c >&5
configure:20618: $? = 0
configure:20622: test -z 
			 || test ! -s conftest.err
configure:20625: $? = 0
configure:20628: test -s conftest.o
configure:20631: $? = 0
configure:20642: result: yes
configure:20654: checking for int64_t
configure:20678: gcc -c -g -O2 -I/usr/include/openssl -I/usr/include conftest.c >&5
configure:20684: $? = 0
configure:20688: test -z 
			 || test ! -s conftest.err
configure:20691: $? = 0
configure:20694: test -s conftest.o
configure:20697: $? = 0
configure:20708: result: yes
configure:20720: checking for uint8_t
configure:20744: gcc -c -g -O2 -I/usr/include/openssl -I/usr/include conftest.c >&5
configure:20750: $? = 0
configure:20754: test -z 
			 || test ! -s conftest.err
configure:20757: $? = 0
configure:20760: test -s conftest.o
configure:20763: $? = 0
configure:20774: result: yes
configure:20786: checking for uint16_t
configure:20810: gcc -c -g -O2 -I/usr/include/openssl -I/usr/include conftest.c >&5
configure:20816: $? = 0
configure:20820: test -z 
			 || test ! -s conftest.err
configure:20823: $? = 0
configure:20826: test -s conftest.o
configure:20829: $? = 0
configure:20840: result: yes
configure:20852: checking for uint32_t
configure:20876: gcc -c -g -O2 -I/usr/include/openssl -I/usr/include conftest.c >&5
configure:20882: $? = 0
configure:20886: test -z 
			 || test ! -s conftest.err
configure:20889: $? = 0
configure:20892: test -s conftest.o
configure:20895: $? = 0
configure:20906: result: yes
configure:20918: checking for uint64_t
configure:20942: gcc -c -g -O2 -I/usr/include/openssl -I/usr/include conftest.c >&5
configure:20948: $? = 0
configure:20952: test -z 
			 || test ! -s conftest.err
configure:20955: $? = 0
configure:20958: test -s conftest.o
configure:20961: $? = 0
configure:20972: result: yes
configure:20984: checking for u_int32_t
configure:21008: gcc -c -g -O2 -I/usr/include/openssl -I/usr/include conftest.c >&5
configure:21014: $? = 0
configure:21018: test -z 
			 || test ! -s conftest.err
configure:21021: $? = 0
configure:21024: test -s conftest.o
configure:21027: $? = 0
configure:21038: result: yes
configure:21050: checking for ssize_t
configure:21074: gcc -c -g -O2 -I/usr/include/openssl -I/usr/include conftest.c >&5
configure:21080: $? = 0
configure:21084: test -z 
			 || test ! -s conftest.err
configure:21087: $? = 0
configure:21090: test -s conftest.o
configure:21093: $? = 0
configure:21104: result: yes
configure:21117: checking for ANSI C header files
configure:21273: result: yes
configure:21283: checking for sys/wait.h that is POSIX.1 compatible
configure:21314: gcc -c -g -O2 -I/usr/include/openssl -I/usr/include conftest.c >&5
configure:21320: $? = 0
configure:21324: test -z 
			 || test ! -s conftest.err
configure:21327: $? = 0
configure:21330: test -s conftest.o
configure:21333: $? = 0
configure:21344: result: yes
configure:21368: checking fcntl.h usability
configure:21380: gcc -c -g -O2 -I/usr/include/openssl -I/usr/include conftest.c >&5
configure:21386: $? = 0
configure:21390: test -z 
			 || test ! -s conftest.err
configure:21393: $? = 0
configure:21396: test -s conftest.o
configure:21399: $? = 0
configure:21409: result: yes
configure:21413: checking fcntl.h presence
configure:21423: gcc -E -I/usr/include/openssl -I/usr/include conftest.c
configure:21429: $? = 0
configure:21449: result: yes
configure:21484: checking for fcntl.h
configure:21491: result: yes
configure:21518: checking limits.h usability
configure:21530: gcc -c -g -O2 -I/usr/include/openssl -I/usr/include conftest.c >&5
configure:21536: $? = 0
configure:21540: test -z 
			 || test ! -s conftest.err
configure:21543: $? = 0
configure:21546: test -s conftest.o
configure:21549: $? = 0
configure:21559: result: yes
configure:21563: checking limits.h presence
configure:21573: gcc -E -I/usr/include/openssl -I/usr/include conftest.c
configure:21579: $? = 0
configure:21599: result: yes
configure:21634: checking for limits.h
configure:21641: result: yes
configure:21659: checking for unistd.h
configure:21664: result: yes
configure:21818: checking signal.h usability
configure:21830: gcc -c -g -O2 -I/usr/include/openssl -I/usr/include conftest.c >&5
configure:21836: $? = 0
configure:21840: test -z 
			 || test ! -s conftest.err
configure:21843: $? = 0
configure:21846: test -s conftest.o
configure:21849: $? = 0
configure:21859: result: yes
configure:21863: checking signal.h presence
configure:21873: gcc -E -I/usr/include/openssl -I/usr/include conftest.c
configure:21879: $? = 0
configure:21899: result: yes
configure:21934: checking for signal.h
configure:21941: result: yes
configure:21968: checking sys/socket.h usability
configure:21980: gcc -c -g -O2 -I/usr/include/openssl -I/usr/include conftest.c >&5
configure:21986: $? = 0
configure:21990: test -z 
			 || test ! -s conftest.err
configure:21993: $? = 0
configure:21996: test -s conftest.o
configure:21999: $? = 0
configure:22009: result: yes
configure:22013: checking sys/socket.h presence
configure:22023: gcc -E -I/usr/include/openssl -I/usr/include conftest.c
configure:22029: $? = 0
configure:22049: result: yes
configure:22084: checking for sys/socket.h
configure:22091: result: yes
configure:22118: checking sys/select.h usability
configure:22130: gcc -c -g -O2 -I/usr/include/openssl -I/usr/include conftest.c >&5
configure:22136: $? = 0
configure:22140: test -z 
			 || test ! -s conftest.err
configure:22143: $? = 0
configure:22146: test -s conftest.o
configure:22149: $? = 0
configure:22159: result: yes
configure:22163: checking sys/select.h presence
configure:22173: gcc -E -I/usr/include/openssl -I/usr/include conftest.c
configure:22179: $? = 0
configure:22199: result: yes
configure:22234: checking for sys/select.h
configure:22241: result: yes
configure:22269: checking sys/time.h usability
configure:22281: gcc -c -g -O2 -I/usr/include/openssl -I/usr/include conftest.c >&5
configure:22287: $? = 0
configure:22291: test -z 
			 || test ! -s conftest.err
configure:22294: $? = 0
configure:22297: test -s conftest.o
configure:22300: $? = 0
configure:22310: result: yes
configure:22314: checking sys/time.h presence
configure:22324: gcc -E -I/usr/include/openssl -I/usr/include conftest.c
configure:22330: $? = 0
configure:22350: result: yes
configure:22385: checking for sys/time.h
configure:22392: result: yes
configure:22269: checking sys/times.h usability
configure:22281: gcc -c -g -O2 -I/usr/include/openssl -I/usr/include conftest.c >&5
configure:22287: $? = 0
configure:22291: test -z 
			 || test ! -s conftest.err
configure:22294: $? = 0
configure:22297: test -s conftest.o
configure:22300: $? = 0
configure:22310: result: yes
configure:22314: checking sys/times.h presence
configure:22324: gcc -E -I/usr/include/openssl -I/usr/include conftest.c
configure:22330: $? = 0
configure:22350: result: yes
configure:22385: checking for sys/times.h
configure:22392: result: yes
configure:22419: checking sys/resource.h usability
configure:22431: gcc -c -g -O2 -I/usr/include/openssl -I/usr/include conftest.c >&5
configure:22437: $? = 0
configure:22441: test -z 
			 || test ! -s conftest.err
configure:22444: $? = 0
configure:22447: test -s conftest.o
configure:22450: $? = 0
configure:22460: result: yes
configure:22464: checking sys/resource.h presence
configure:22474: gcc -E -I/usr/include/openssl -I/usr/include conftest.c
configure:22480: $? = 0
configure:22500: result: yes
configure:22535: checking for sys/resource.h
configure:22542: result: yes
configure:22569: checking errno.h usability
configure:22581: gcc -c -g -O2 -I/usr/include/openssl -I/usr/include conftest.c >&5
configure:22587: $? = 0
configure:22591: test -z 
			 || test ! -s conftest.err
configure:22594: $? = 0
configure:22597: test -s conftest.o
configure:22600: $? = 0
configure:22610: result: yes
configure:22614: checking errno.h presence
configure:22624: gcc -E -I/usr/include/openssl -I/usr/include conftest.c
configure:22630: $? = 0
configure:22650: result: yes
configure:22685: checking for errno.h
configure:22692: result: yes
configure:22719: checking arpa/inet.h usability
configure:22731: gcc -c -g -O2 -I/usr/include/openssl -I/usr/include conftest.c >&5
configure:22737: $? = 0
configure:22741: test -z 
			 || test ! -s conftest.err
configure:22744: $? = 0
configure:22747: test -s conftest.o
configure:22750: $? = 0
configure:22760: result: yes
configure:22764: checking arpa/inet.h presence
configure:22774: gcc -E -I/usr/include/openssl -I/usr/include conftest.c
configure:22780: $? = 0
configure:22800: result: yes
configure:22835: checking for arpa/inet.h
configure:22842: result: yes
configure:22869: checking netinet/in.h usability
configure:22881: gcc -c -g -O2 -I/usr/include/openssl -I/usr/include conftest.c >&5
configure:22887: $? = 0
configure:22891: test -z 
			 || test ! -s conftest.err
configure:22894: $? = 0
configure:22897: test -s conftest.o
configure:22900: $? = 0
configure:22910: result: yes
configure:22914: checking netinet/in.h presence
configure:22924: gcc -E -I/usr/include/openssl -I/usr/include conftest.c
configure:22930: $? = 0
configure:22950: result: yes
configure:22985: checking for netinet/in.h
configure:22992: result: yes
configure:23019: checking netdb.h usability
configure:23031: gcc -c -g -O2 -I/usr/include/openssl -I/usr/include conftest.c >&5
configure:23037: $? = 0
configure:23041: test -z 
			 || test ! -s conftest.err
configure:23044: $? = 0
configure:23047: test -s conftest.o
configure:23050: $? = 0
configure:23060: result: yes
configure:23064: checking netdb.h presence
configure:23074: gcc -E -I/usr/include/openssl -I/usr/include conftest.c
configure:23080: $? = 0
configure:23100: result: yes
configure:23135: checking for netdb.h
configure:23142: result: yes
configure:23169: checking pthread.h usability
configure:23181: gcc -c -g -O2 -I/usr/include/openssl -I/usr/include conftest.c >&5
configure:23187: $? = 0
configure:23191: test -z 
			 || test ! -s conftest.err
configure:23194: $? = 0
configure:23197: test -s conftest.o
configure:23200: $? = 0
configure:23210: result: yes
configure:23214: checking pthread.h presence
configure:23224: gcc -E -I/usr/include/openssl -I/usr/include conftest.c
configure:23230: $? = 0
configure:23250: result: yes
configure:23285: checking for pthread.h
configure:23292: result: yes
configure:23310: checking for string.h
configure:23315: result: yes
configure:23460: checking for strings.h
configure:23465: result: yes
configure:23619: checking sched.h usability
configure:23631: gcc -c -g -O2 -I/usr/include/openssl -I/usr/include conftest.c >&5
configure:23637: $? = 0
configure:23641: test -z 
			 || test ! -s conftest.err
configure:23644: $? = 0
configure:23647: test -s conftest.o
configure:23650: $? = 0
configure:23660: result: yes
configure:23664: checking sched.h presence
configure:23674: gcc -E -I/usr/include/openssl -I/usr/include conftest.c
configure:23680: $? = 0
configure:23700: result: yes
configure:23735: checking for sched.h
configure:23742: result: yes
configure:23769: checking openssl/e_os.h usability
configure:23781: gcc -c -g -O2 -I/usr/include/openssl -I/usr/include conftest.c >&5
conftest.c:81:10: fatal error: 'openssl/e_os.h' file not found
#include <openssl/e_os.h>
         ^
1 error generated.
configure:23787: $? = 1
configure: failed program was:
| /* confdefs.h.  */
| 
| #define PACKAGE_NAME ""
| #define PACKAGE_TARNAME ""
| #define PACKAGE_VERSION ""
| #define PACKAGE_STRING ""
| #define PACKAGE_BUGREPORT ""
| #define PACKAGE "siege"
| #define VERSION "3.0.5"
| #define STDC_HEADERS 1
| #define HAVE_SYS_TYPES_H 1
| #define HAVE_SYS_STAT_H 1
| #define HAVE_STDLIB_H 1
| #define HAVE_STRING_H 1
| #define HAVE_MEMORY_H 1
| #define HAVE_STRINGS_H 1
| #define HAVE_INTTYPES_H 1
| #define HAVE_STDINT_H 1
| #define HAVE_UNISTD_H 1
| #define HAVE_DLFCN_H 1
| #ifdef __cplusplus
| extern "C" void exit (int) throw ();
| #endif
| #define HAVE_DEV_RANDOM 1
| #define HAVE__USR_INCLUDE_OPENSSL_OPENSSLV_H 1
| #define HAVE_SSL 1
| #define STDC_HEADERS 1
| #define HAVE_SYS_WAIT_H 1
| #define HAVE_FCNTL_H 1
| #define HAVE_LIMITS_H 1
| #define HAVE_UNISTD_H 1
| #define HAVE_SIGNAL_H 1
| #define HAVE_SYS_SOCKET_H 1
| #define HAVE_SYS_SELECT_H 1
| #define HAVE_SYS_TIME_H 1
| #define HAVE_SYS_TIMES_H 1
| #define HAVE_SYS_RESOURCE_H 1
| #define HAVE_ERRNO_H 1
| #define HAVE_ARPA_INET_H 1
| #define HAVE_NETINET_IN_H 1
| #define HAVE_NETDB_H 1
| #define HAVE_PTHREAD_H 1
| #define HAVE_STRING_H 1
| #define HAVE_STRINGS_H 1
| #define HAVE_SCHED_H 1
| /* end confdefs.h.  */
| #include <stdio.h>
| #if HAVE_SYS_TYPES_H
| # include <sys/types.h>
| #endif
| #if HAVE_SYS_STAT_H
| # include <sys/stat.h>
| #endif
| #if STDC_HEADERS
| # include <stdlib.h>
| # include <stddef.h>
| #else
| # if HAVE_STDLIB_H
| #  include <stdlib.h>
| # endif
| #endif
| #if HAVE_STRING_H
| # if !STDC_HEADERS && HAVE_MEMORY_H
| #  include <memory.h>
| # endif
| # include <string.h>
| #endif
| #if HAVE_STRINGS_H
| # include <strings.h>
| #endif
| #if HAVE_INTTYPES_H
| # include <inttypes.h>
| #else
| # if HAVE_STDINT_H
| #  include <stdint.h>
| # endif
| #endif
| #if HAVE_UNISTD_H
| # include <unistd.h>
| #endif
| #include <openssl/e_os.h>
configure:23810: result: no
configure:23814: checking openssl/e_os.h presence
configure:23824: gcc -E -I/usr/include/openssl -I/usr/include conftest.c
conftest.c:47:10: fatal error: 'openssl/e_os.h' file not found
#include <openssl/e_os.h>
         ^
1 error generated.
configure:23830: $? = 1
configure: failed program was:
| /* confdefs.h.  */
| 
| #define PACKAGE_NAME ""
| #define PACKAGE_TARNAME ""
| #define PACKAGE_VERSION ""
| #define PACKAGE_STRING ""
| #define PACKAGE_BUGREPORT ""
| #define PACKAGE "siege"
| #define VERSION "3.0.5"
| #define STDC_HEADERS 1
| #define HAVE_SYS_TYPES_H 1
| #define HAVE_SYS_STAT_H 1
| #define HAVE_STDLIB_H 1
| #define HAVE_STRING_H 1
| #define HAVE_MEMORY_H 1
| #define HAVE_STRINGS_H 1
| #define HAVE_INTTYPES_H 1
| #define HAVE_STDINT_H 1
| #define HAVE_UNISTD_H 1
| #define HAVE_DLFCN_H 1
| #ifdef __cplusplus
| extern "C" void exit (int) throw ();
| #endif
| #define HAVE_DEV_RANDOM 1
| #define HAVE__USR_INCLUDE_OPENSSL_OPENSSLV_H 1
| #define HAVE_SSL 1
| #define STDC_HEADERS 1
| #define HAVE_SYS_WAIT_H 1
| #define HAVE_FCNTL_H 1
| #define HAVE_LIMITS_H 1
| #define HAVE_UNISTD_H 1
| #define HAVE_SIGNAL_H 1
| #define HAVE_SYS_SOCKET_H 1
| #define HAVE_SYS_SELECT_H 1
| #define HAVE_SYS_TIME_H 1
| #define HAVE_SYS_TIMES_H 1
| #define HAVE_SYS_RESOURCE_H 1
| #define HAVE_ERRNO_H 1
| #define HAVE_ARPA_INET_H 1
| #define HAVE_NETINET_IN_H 1
| #define HAVE_NETDB_H 1
| #define HAVE_PTHREAD_H 1
| #define HAVE_STRING_H 1
| #define HAVE_STRINGS_H 1
| #define HAVE_SCHED_H 1
| /* end confdefs.h.  */
| #include <openssl/e_os.h>
configure:23850: result: no
configure:23885: checking for openssl/e_os.h
configure:23892: result: no
configure:23919: checking openssl/e_os2.h usability
configure:23931: gcc -c -g -O2 -I/usr/include/openssl -I/usr/include conftest.c >&5
configure:23937: $? = 0
configure:23941: test -z 
			 || test ! -s conftest.err
configure:23944: $? = 0
configure:23947: test -s conftest.o
configure:23950: $? = 0
configure:23960: result: yes
configure:23964: checking openssl/e_os2.h presence
configure:23974: gcc -E -I/usr/include/openssl -I/usr/include conftest.c
configure:23980: $? = 0
configure:24000: result: yes
configure:24035: checking for openssl/e_os2.h
configure:24042: result: yes
configure:24056: checking for an ANSI C-conforming const
configure:24123: gcc -c -g -O2 -I/usr/include/openssl -I/usr/include conftest.c >&5
configure:24129: $? = 0
configure:24133: test -z 
			 || test ! -s conftest.err
configure:24136: $? = 0
configure:24139: test -s conftest.o
configure:24142: $? = 0
configure:24153: result: yes
configure:24163: checking for size_t
configure:24187: gcc -c -g -O2 -I/usr/include/openssl -I/usr/include conftest.c >&5
configure:24193: $? = 0
configure:24197: test -z 
			 || test ! -s conftest.err
configure:24200: $? = 0
configure:24203: test -s conftest.o
configure:24206: $? = 0
configure:24217: result: yes
configure:24229: checking whether time.h and sys/time.h may both be included
configure:24254: gcc -c -g -O2 -I/usr/include/openssl -I/usr/include conftest.c >&5
configure:24260: $? = 0
configure:24264: test -z 
			 || test ! -s conftest.err
configure:24267: $? = 0
configure:24270: test -s conftest.o
configure:24273: $? = 0
configure:24284: result: yes
configure:24295: checking return type of signal handlers
configure:24326: gcc -c -g -O2 -I/usr/include/openssl -I/usr/include conftest.c >&5
configure:24332: $? = 0
configure:24336: test -z 
			 || test ! -s conftest.err
configure:24339: $? = 0
configure:24342: test -s conftest.o
configure:24345: $? = 0
configure:24356: result: void
configure:24367: checking for working alloca.h
configure:24388: gcc -o conftest -g -O2 -I/usr/include/openssl -I/usr/include  conftest.c  >&5
configure:24394: $? = 0
configure:24398: test -z 
			 || test ! -s conftest.err
configure:24401: $? = 0
configure:24404: test -s conftest
configure:24407: $? = 0
configure:24419: result: yes
configure:24429: checking for alloca
configure:24470: gcc -o conftest -g -O2 -I/usr/include/openssl -I/usr/include  conftest.c  >&5
configure:24476: $? = 0
configure:24480: test -z 
			 || test ! -s conftest.err
configure:24483: $? = 0
configure:24486: test -s conftest
configure:24489: $? = 0
configure:24501: result: yes
configure:24732: checking for strchr
configure:24789: gcc -o conftest -g -O2 -I/usr/include/openssl -I/usr/include  conftest.c  >&5
conftest.c:76:6: warning: incompatible redeclaration of library function 'strchr' [-Wincompatible-library-redeclaration]
char strchr ();
     ^
conftest.c:76:6: note: 'strchr' is a builtin with type 'char *(const char *, int)'
1 warning generated.
configure:24795: $? = 0
configure:24799: test -z 
			 || test ! -s conftest.err
configure:24802: $? = 0
configure:24805: test -s conftest
configure:24808: $? = 0
configure:24820: result: yes
configure:24732: checking for memcpy
configure:24789: gcc -o conftest -g -O2 -I/usr/include/openssl -I/usr/include  conftest.c  >&5
conftest.c:77:6: warning: incompatible redeclaration of library function 'memcpy' [-Wincompatible-library-redeclaration]
char memcpy ();
     ^
conftest.c:77:6: note: 'memcpy' is a builtin with type 'void *(void *, const void *, unsigned long)'
1 warning generated.
configure:24795: $? = 0
configure:24799: test -z 
			 || test ! -s conftest.err
configure:24802: $? = 0
configure:24805: test -s conftest
configure:24808: $? = 0
configure:24820: result: yes
configure:24732: checking for strncpy
configure:24789: gcc -o conftest -g -O2 -I/usr/include/openssl -I/usr/include  conftest.c  >&5
conftest.c:78:6: warning: incompatible redeclaration of library function 'strncpy' [-Wincompatible-library-redeclaration]
char strncpy ();
     ^
conftest.c:78:6: note: 'strncpy' is a builtin with type 'char *(char *, const char *, unsigned long)'
1 warning generated.
configure:24795: $? = 0
configure:24799: test -z 
			 || test ! -s conftest.err
configure:24802: $? = 0
configure:24805: test -s conftest
configure:24808: $? = 0
configure:24820: result: yes
configure:24732: checking for strstr
configure:24789: gcc -o conftest -g -O2 -I/usr/include/openssl -I/usr/include  conftest.c  >&5
conftest.c:79:6: warning: incompatible redeclaration of library function 'strstr' [-Wincompatible-library-redeclaration]
char strstr ();
     ^
conftest.c:79:6: note: 'strstr' is a builtin with type 'char *(const char *, const char *)'
1 warning generated.
configure:24795: $? = 0
configure:24799: test -z 
			 || test ! -s conftest.err
configure:24802: $? = 0
configure:24805: test -s conftest
configure:24808: $? = 0
configure:24820: result: yes
configure:24732: checking for strlen
configure:24789: gcc -o conftest -g -O2 -I/usr/include/openssl -I/usr/include  conftest.c  >&5
conftest.c:80:6: warning: incompatible redeclaration of library function 'strlen' [-Wincompatible-library-redeclaration]
char strlen ();
     ^
conftest.c:80:6: note: 'strlen' is a builtin with type 'unsigned long (const char *)'
1 warning generated.
configure:24795: $? = 0
configure:24799: test -z 
			 || test ! -s conftest.err
configure:24802: $? = 0
configure:24805: test -s conftest
configure:24808: $? = 0
configure:24820: result: yes
configure:24835: checking for strncasecmp
configure:24892: gcc -o conftest -g -O2 -I/usr/include/openssl -I/usr/include  conftest.c  >&5
conftest.c:81:6: warning: incompatible redeclaration of library function 'strncasecmp' [-Wincompatible-library-redeclaration]
char strncasecmp ();
     ^
conftest.c:81:6: note: 'strncasecmp' is a builtin with type 'int (const char *, const char *, unsigned long)'
1 warning generated.
configure:24898: $? = 0
configure:24902: test -z 
			 || test ! -s conftest.err
configure:24905: $? = 0
configure:24908: test -s conftest
configure:24911: $? = 0
configure:24923: result: yes
configure:24835: checking for strncmp
configure:24892: gcc -o conftest -g -O2 -I/usr/include/openssl -I/usr/include  conftest.c  >&5
conftest.c:82:6: warning: incompatible redeclaration of library function 'strncmp' [-Wincompatible-library-redeclaration]
char strncmp ();
     ^
conftest.c:82:6: note: 'strncmp' is a builtin with type 'int (const char *, const char *, unsigned long)'
1 warning generated.
configure:24898: $? = 0
configure:24902: test -z 
			 || test ! -s conftest.err
configure:24905: $? = 0
configure:24908: test -s conftest
configure:24911: $? = 0
configure:24923: result: yes
configure:24937: checking for socket
configure:24994: gcc -o conftest -g -O2 -I/usr/include/openssl -I/usr/include  conftest.c  >&5
configure:25000: $? = 0
configure:25004: test -z 
			 || test ! -s conftest.err
configure:25007: $? = 0
configure:25010: test -s conftest
configure:25013: $? = 0
configure:25025: result: yes
configure:25114: checking for gethostbyname
configure:25171: gcc -o conftest -g -O2 -I/usr/include/openssl -I/usr/include  conftest.c  >&5
configure:25177: $? = 0
configure:25181: test -z 
			 || test ! -s conftest.err
configure:25184: $? = 0
configure:25187: test -s conftest
configure:25190: $? = 0
configure:25202: result: yes
configure:25291: checking for snprintf
configure:25348: gcc -o conftest -g -O2 -I/usr/include/openssl -I/usr/include  conftest.c  >&5
conftest.c:85:6: warning: incompatible redeclaration of library function 'snprintf' [-Wincompatible-library-redeclaration]
char snprintf ();
     ^
conftest.c:85:6: note: 'snprintf' is a builtin with type 'int (char *, unsigned long, const char *, ...)'
1 warning generated.
configure:25354: $? = 0
configure:25358: test -z 
			 || test ! -s conftest.err
configure:25361: $? = 0
configure:25364: test -s conftest
configure:25367: $? = 0
configure:25379: result: yes
configure:25393: checking for strdup
configure:25450: gcc -o conftest -g -O2 -I/usr/include/openssl -I/usr/include  conftest.c  >&5
conftest.c:86:6: warning: incompatible redeclaration of library function 'strdup' [-Wincompatible-library-redeclaration]
char strdup ();
     ^
conftest.c:86:6: note: 'strdup' is a builtin with type 'char *(const char *)'
1 warning generated.
configure:25456: $? = 0
configure:25460: test -z 
			 || test ! -s conftest.err
configure:25463: $? = 0
configure:25466: test -s conftest
configure:25469: $? = 0
configure:25481: result: yes
configure:25495: checking for rand_r
configure:25552: gcc -o conftest -g -O2 -I/usr/include/openssl -I/usr/include  conftest.c  >&5
configure:25558: $? = 0
configure:25562: test -z 
			 || test ! -s conftest.err
configure:25565: $? = 0
configure:25568: test -s conftest
configure:25571: $? = 0
configure:25583: result: yes
configure:25597: checking for localtime_r
configure:25654: gcc -o conftest -g -O2 -I/usr/include/openssl -I/usr/include  conftest.c  >&5
configure:25660: $? = 0
configure:25664: test -z 
			 || test ! -s conftest.err
configure:25667: $? = 0
configure:25670: test -s conftest
configure:25673: $? = 0
configure:25685: result: yes
configure:25699: checking for getipnodebyname
configure:25756: gcc -o conftest -g -O2 -I/usr/include/openssl -I/usr/include  conftest.c  >&5
configure:25762: $? = 0
configure:25766: test -z 
			 || test ! -s conftest.err
configure:25769: $? = 0
configure:25772: test -s conftest
configure:25775: $? = 0
configure:25787: result: yes
configure:25801: checking for freehostent
configure:25858: gcc -o conftest -g -O2 -I/usr/include/openssl -I/usr/include  conftest.c  >&5
configure:25864: $? = 0
configure:25868: test -z 
			 || test ! -s conftest.err
configure:25871: $? = 0
configure:25874: test -s conftest
configure:25877: $? = 0
configure:25889: result: yes
configure:25903: checking for getopt_long
configure:25960: gcc -o conftest -g -O2 -I/usr/include/openssl -I/usr/include  conftest.c  >&5
configure:25966: $? = 0
configure:25970: test -z 
			 || test ! -s conftest.err
configure:25973: $? = 0
configure:25976: test -s conftest
configure:25979: $? = 0
configure:25991: result: yes
configure:26003: checking for socket in -lsocket
configure:26033: gcc -o conftest -g -O2 -I/usr/include/openssl -I/usr/include  conftest.c -lsocket   >&5
ld: library not found for -lsocket
clang: error: linker command failed with exit code 1 (use -v to see invocation)
configure:26039: $? = 1
configure: failed program was:
| /* confdefs.h.  */
| 
| #define PACKAGE_NAME ""
| #define PACKAGE_TARNAME ""
| #define PACKAGE_VERSION ""
| #define PACKAGE_STRING ""
| #define PACKAGE_BUGREPORT ""
| #define PACKAGE "siege"
| #define VERSION "3.0.5"
| #define STDC_HEADERS 1
| #define HAVE_SYS_TYPES_H 1
| #define HAVE_SYS_STAT_H 1
| #define HAVE_STDLIB_H 1
| #define HAVE_STRING_H 1
| #define HAVE_MEMORY_H 1
| #define HAVE_STRINGS_H 1
| #define HAVE_INTTYPES_H 1
| #define HAVE_STDINT_H 1
| #define HAVE_UNISTD_H 1
| #define HAVE_DLFCN_H 1
| #ifdef __cplusplus
| extern "C" void exit (int) throw ();
| #endif
| #define HAVE_DEV_RANDOM 1
| #define HAVE__USR_INCLUDE_OPENSSL_OPENSSLV_H 1
| #define HAVE_SSL 1
| #define STDC_HEADERS 1
| #define HAVE_SYS_WAIT_H 1
| #define HAVE_FCNTL_H 1
| #define HAVE_LIMITS_H 1
| #define HAVE_UNISTD_H 1
| #define HAVE_SIGNAL_H 1
| #define HAVE_SYS_SOCKET_H 1
| #define HAVE_SYS_SELECT_H 1
| #define HAVE_SYS_TIME_H 1
| #define HAVE_SYS_TIMES_H 1
| #define HAVE_SYS_RESOURCE_H 1
| #define HAVE_ERRNO_H 1
| #define HAVE_ARPA_INET_H 1
| #define HAVE_NETINET_IN_H 1
| #define HAVE_NETDB_H 1
| #define HAVE_PTHREAD_H 1
| #define HAVE_STRING_H 1
| #define HAVE_STRINGS_H 1
| #define HAVE_SCHED_H 1
| #define HAVE_OPENSSL_E_OS2_H 1
| #define TIME_WITH_SYS_TIME 1
| #define RETSIGTYPE void
| #define HAVE_ALLOCA_H 1
| #define HAVE_ALLOCA 1
| #define HAVE_STRCHR 1
| #define HAVE_MEMCPY 1
| #define HAVE_STRNCPY 1
| #define HAVE_STRSTR 1
| #define HAVE_STRLEN 1
| #define HAVE_STRNCASECMP 1
| #define HAVE_STRNCMP 1
| #define HAVE_SOCKET 1
| #define HAVE_GETHOSTBYNAME 1
| #define HAVE_SNPRINTF 1
| #define HAVE_STRDUP 1
| #define HAVE_RAND_R 1
| #define HAVE_LOCALTIME_R 1
| #define HAVE_GETIPNODEBYNAME 1
| #define HAVE_FREEHOSTENT 1
| #define HAVE_GETOPT_LONG 1
| /* end confdefs.h.  */
| 
| /* Override any gcc2 internal prototype to avoid an error.  */
| #ifdef __cplusplus
| extern "C"
| #endif
| /* We use char because int might match the return type of a gcc2
|    builtin and then its argument prototype would still apply.  */
| char socket ();
| int
| main ()
| {
| socket ();
|   ;
|   return 0;
| }
configure:26065: result: no
configure:26081: checking for pthread_attr_init in -lpthread
configure:26111: gcc -o conftest -g -O2 -I/usr/include/openssl -I/usr/include  conftest.c -lpthread   >&5
configure:26117: $? = 0
configure:26121: test -z 
			 || test ! -s conftest.err
configure:26124: $? = 0
configure:26127: test -s conftest
configure:26130: $? = 0
configure:26143: result: yes
configure:26566: creating ./config.status

## ---------------------- ##
## Running config.status. ##
## ---------------------- ##

This file was extended by config.status, which was
generated by GNU Autoconf 2.59.  Invocation command line was

  CONFIG_FILES    = 
  CONFIG_HEADERS  = 
  CONFIG_LINKS    = 
  CONFIG_COMMANDS = 
  $ ./config.status 

on mtabler-mbp

config.status:751: creating Makefile
config.status:751: creating src/Makefile
config.status:751: creating doc/Makefile
config.status:751: creating html/Makefile
config.status:751: creating lib/Makefile
config.status:751: creating lib/joedog/Makefile
config.status:751: creating include/Makefile
config.status:751: creating include/joedog/Makefile
config.status:751: creating utils/Makefile
config.status:855: creating include/config.h
config.status:1247: executing depfiles commands
config.status:1247: executing default-1 commands
config.status:1247: executing default-2 commands
config.status:1247: executing default-3 commands
config.status:1247: executing default-4 commands
config.status:1247: executing default-5 commands
config.status:1247: executing default-6 commands

## ---------------- ##
## Cache variables. ##
## ---------------- ##

ac_cv_build=x86_64-apple-darwin12.5.0
ac_cv_build_alias=x86_64-apple-darwin12.5.0
ac_cv_c_compiler_gnu=yes
ac_cv_c_const=yes
ac_cv_c_inline=inline
ac_cv_cxx_compiler_gnu=yes
ac_cv_env_CC_set=
ac_cv_env_CC_value=
ac_cv_env_CFLAGS_set=
ac_cv_env_CFLAGS_value=
ac_cv_env_CPPFLAGS_set=
ac_cv_env_CPPFLAGS_value=
ac_cv_env_CPP_set=
ac_cv_env_CPP_value=
ac_cv_env_CXXCPP_set=
ac_cv_env_CXXCPP_value=
ac_cv_env_CXXFLAGS_set=
ac_cv_env_CXXFLAGS_value=
ac_cv_env_CXX_set=
ac_cv_env_CXX_value=
ac_cv_env_F77_set=
ac_cv_env_F77_value=
ac_cv_env_FFLAGS_set=
ac_cv_env_FFLAGS_value=
ac_cv_env_LDFLAGS_set=
ac_cv_env_LDFLAGS_value=
ac_cv_env_build_alias_set=
ac_cv_env_build_alias_value=
ac_cv_env_host_alias_set=
ac_cv_env_host_alias_value=
ac_cv_env_target_alias_set=
ac_cv_env_target_alias_value=
ac_cv_exeext=
ac_cv_f77_compiler_gnu=no
ac_cv_func_alloca_works=yes
ac_cv_func_freehostent=yes
ac_cv_func_gethostbyname=yes
ac_cv_func_getipnodebyname=yes
ac_cv_func_getopt_long=yes
ac_cv_func_localtime_r=yes
ac_cv_func_memcpy=yes
ac_cv_func_rand_r=yes
ac_cv_func_snprintf=yes
ac_cv_func_socket=yes
ac_cv_func_strchr=yes
ac_cv_func_strdup=yes
ac_cv_func_strlen=yes
ac_cv_func_strncasecmp=yes
ac_cv_func_strncmp=yes
ac_cv_func_strncpy=yes
ac_cv_func_strstr=yes
ac_cv_have_dev_random=yes
ac_cv_header__usr_include_openssl_opensslv_h=yes
ac_cv_header_arpa_inet_h=yes
ac_cv_header_dlfcn_h=yes
ac_cv_header_errno_h=yes
ac_cv_header_fcntl_h=yes
ac_cv_header_inttypes_h=yes
ac_cv_header_limits_h=yes
ac_cv_header_memory_h=yes
ac_cv_header_netdb_h=yes
ac_cv_header_netinet_in_h=yes
ac_cv_header_off_include_openssl_opensslv_h=no
ac_cv_header_openssl_e_os2_h=yes
ac_cv_header_openssl_e_os_h=no
ac_cv_header_pthread_h=yes
ac_cv_header_sched_h=yes
ac_cv_header_signal_h=yes
ac_cv_header_stdc=yes
ac_cv_header_stdint_h=yes
ac_cv_header_stdlib_h=yes
ac_cv_header_string_h=yes
ac_cv_header_strings_h=yes
ac_cv_header_sys_resource_h=yes
ac_cv_header_sys_select_h=yes
ac_cv_header_sys_socket_h=yes
ac_cv_header_sys_stat_h=yes
ac_cv_header_sys_time_h=yes
ac_cv_header_sys_times_h=yes
ac_cv_header_sys_types_h=yes
ac_cv_header_sys_wait_h=yes
ac_cv_header_time=yes
ac_cv_header_unistd_h=yes
ac_cv_host=x86_64-apple-darwin12.5.0
ac_cv_host_alias=x86_64-apple-darwin12.5.0
ac_cv_lib_pthread_pthread_attr_init=yes
ac_cv_lib_socket_socket=no
ac_cv_objext=o
ac_cv_path_PERL=/usr/bin/perl
ac_cv_path_install='/usr/bin/install -c'
ac_cv_path_shell=/bin/sh
ac_cv_prog_AWK=awk
ac_cv_prog_CPP='gcc -E'
ac_cv_prog_CXXCPP='g++ -E'
ac_cv_prog_ac_ct_AR=ar
ac_cv_prog_ac_ct_CC=gcc
ac_cv_prog_ac_ct_CXX=g++
ac_cv_prog_ac_ct_RANLIB=ranlib
ac_cv_prog_ac_ct_STRIP=strip
ac_cv_prog_cc_g=yes
ac_cv_prog_cc_stdc=
ac_cv_prog_cxx_g=yes
ac_cv_prog_egrep='grep -E'
ac_cv_prog_f77_g=no
ac_cv_prog_make_make_set=yes
ac_cv_type_int16_t=yes
ac_cv_type_int32_t=yes
ac_cv_type_int64_t=yes
ac_cv_type_int8_t=yes
ac_cv_type_signal=void
ac_cv_type_size_t=yes
ac_cv_type_ssize_t=yes
ac_cv_type_u_int32_t=yes
ac_cv_type_uint16_t=yes
ac_cv_type_uint32_t=yes
ac_cv_type_uint64_t=yes
ac_cv_type_uint8_t=yes
ac_cv_working_alloca_h=yes
am_cv_CC_dependencies_compiler_type=none
am_cv_CXX_dependencies_compiler_type=none
lt_cv_deplibs_check_method=pass_all
lt_cv_file_magic_cmd='$MAGIC_CMD'
lt_cv_file_magic_test_file=
lt_cv_ld_reload_flag=-r
lt_cv_objdir=.libs
lt_cv_path_LD=/usr/bin/ld
lt_cv_path_LDCXX=/usr/bin/ld
lt_cv_path_NM=/usr/bin/nm
lt_cv_path_SED=/usr/bin/sed
lt_cv_prog_compiler_c_o=yes
lt_cv_prog_compiler_c_o_CXX=yes
lt_cv_prog_compiler_pic_works=yes
lt_cv_prog_compiler_pic_works_CXX=yes
lt_cv_prog_compiler_rtti_exceptions=yes
lt_cv_prog_compiler_static_works=no
lt_cv_prog_compiler_static_works_CXX=no
lt_cv_prog_gnu_ld=no
lt_cv_prog_gnu_ldcxx=no
lt_cv_sys_global_symbol_pipe='sed -n -e '\''s/^.*[ 	]\([BCDEGRST][BCDEGRST]*\)[ 	][ 	]*_\([_A-Za-z][_A-Za-z0-9]*\)$/\1 _\2 \2/p'\'''
lt_cv_sys_global_symbol_to_c_name_address='sed -n -e '\''s/^: \([^ ]*\) $/  {\"\1\", (lt_ptr) 0},/p'\'' -e '\''s/^[BCDEGRST] \([^ ]*\) \([^ ]*\)$/  {"\2", (lt_ptr) \&\2},/p'\'''
lt_cv_sys_global_symbol_to_cdecl='sed -n -e '\''s/^. .* \(.*\)$/extern int \1;/p'\'''
lt_cv_sys_max_cmd_len=196608
lt_lt_cv_prog_compiler_c_o='"yes"'
lt_lt_cv_prog_compiler_c_o_CXX='"yes"'
lt_lt_cv_sys_global_symbol_pipe='"sed -n -e '\''s/^.*[ 	]\\([BCDEGRST][BCDEGRST]*\\)[ 	][ 	]*_\\([_A-Za-z][_A-Za-z0-9]*\\)\$/\\1 _\\2 \\2/p'\''"'
lt_lt_cv_sys_global_symbol_to_c_name_address='"sed -n -e '\''s/^: \\([^ ]*\\) \$/  {\\\"\\1\\\", (lt_ptr) 0},/p'\'' -e '\''s/^[BCDEGRST] \\([^ ]*\\) \\([^ ]*\\)\$/  {\"\\2\", (lt_ptr) \\&\\2},/p'\''"'
lt_lt_cv_sys_global_symbol_to_cdecl='"sed -n -e '\''s/^. .* \\(.*\\)\$/extern int \\1;/p'\''"'

## ----------------- ##
## Output variables. ##
## ----------------- ##

ACLOCAL='${SHELL} /Users/mtabler/projects/api_benches/rails_api_test/siege-3.0.5/utils/missing --run aclocal-1.9'
ALLOCA=''
AMDEPBACKSLASH='\'
AMDEP_FALSE='#'
AMDEP_TRUE=''
AMTAR='${SHELL} /Users/mtabler/projects/api_benches/rails_api_test/siege-3.0.5/utils/missing --run tar'
AR='ar'
AUTHOR='Jeffrey Fulmer, et al.'
AUTOCONF='${SHELL} /Users/mtabler/projects/api_benches/rails_api_test/siege-3.0.5/utils/missing --run autoconf'
AUTOHEADER='${SHELL} /Users/mtabler/projects/api_benches/rails_api_test/siege-3.0.5/utils/missing --run autoheader'
AUTOMAKE='${SHELL} /Users/mtabler/projects/api_benches/rails_api_test/siege-3.0.5/utils/missing --run automake-1.9'
AWK='awk'
CC='gcc'
CCDEPMODE='depmode=none'
CC_R=''
CFLAGS='-g -O2'
CPP='gcc -E'
CPPFLAGS='-I/usr/include/openssl -I/usr/include'
CXX='g++'
CXXCPP='g++ -E'
CXXDEPMODE='depmode=none'
CXXFLAGS='-g -O2'
CYGPATH_W='echo'
DATE='November-21-2013'
DEFS='-DHAVE_CONFIG_H'
DEPDIR='.deps'
ECHO='/bin/echo'
ECHO_C='ECHO_N=''
ECHO_T=''
EGREP='grep -E'
EMAIL='jeff@joedog.org'
EXEEXT=''
F77=''
FFLAGS=''
INSTALL_DATA='${INSTALL} -m 644'
INSTALL_PROGRAM='${INSTALL}'
INSTALL_SCRIPT='${INSTALL}'
INSTALL_STRIP_PROGRAM='${SHELL} $(install_sh) -c -s'
LDFLAGS=''
LDL='-ldl'
LIBOBJS=''
LIBS=''
LIBTOOL='$(SHELL) $(top_builddir)/libtool'
LN_S='ln -s'
LTLIBOBJS=''
MAKEINFO='${SHELL} /Users/mtabler/projects/api_benches/rails_api_test/siege-3.0.5/utils/missing --run makeinfo'
OBJEXT='o'
PACKAGE='siege'
PACKAGE_BUGREPORT=''
PACKAGE_NAME=''
PACKAGE_STRING=''
PACKAGE_TARNAME=''
PACKAGE_VERSION=''
PATH_SEPARATOR=':'
PERL='/usr/bin/perl'
PLATFORM='apple-x86_64-darwin12.5.0'
PROGRAM='siege'
PTHREAD_CFLAGS='-D_REENTRANT -D_POSIX_PTHREAD_SEMANTICS'
PTHREAD_LDFLAGS='-lpthread'
RANLIB='ranlib'
SED='/usr/bin/sed'
SET_MAKE=''
SHELL='/bin/sh'
SSL_CFLAGS='-DOPENSSL_NO_KRB5'
SSL_INCLUDE='-I/usr/include/openssl -I/usr/include'
SSL_LDFLAGS='-L/usr/lib'
SSL_LIBS='-ldl -lssl -lcrypto'
STRIP='strip'
VERSION='3.0.5'
WARN_CFLAGS='-W -Wall -Wunused-value'
ac_ct_AR='ar'
ac_ct_CC='gcc'
ac_ct_CXX='g++'
ac_ct_F77=''
ac_ct_RANLIB='ranlib'
ac_ct_STRIP='strip'
am__fastdepCC_FALSE=''
am__fastdepCC_TRUE='#'
am__fastdepCXX_FALSE=''
am__fastdepCXX_TRUE='#'
am__include='include'
am__leading_dot='.'
am__quote=''
am__tar='${AMTAR} chof - "$$tardir"'
am__untar='${AMTAR} xf -'
bindir='${exec_prefix}/bin'
build='x86_64-apple-darwin12.5.0'
build_alias=''
build_cpu='x86_64'
build_os='darwin12.5.0'
build_vendor='apple'
datadir='${prefix}/share'
exec_prefix='${prefix}'
host='x86_64-apple-darwin12.5.0'
host_alias=''
host_cpu='x86_64'
host_os='darwin12.5.0'
host_vendor='apple'
includedir='${prefix}/include'
infodir='${prefix}/info'
install_sh='/Users/mtabler/projects/api_benches/rails_api_test/siege-3.0.5/utils/install-sh'
libdir='${exec_prefix}/lib'
libexecdir='${exec_prefix}/libexec'
localstatedir='${prefix}/var'
mandir='${prefix}/man'
mkdir_p='$(mkinstalldirs)'
oldincludedir='/usr/include'
prefix='/usr/local'
program_transform_name='s,x,x,'
sbindir='${exec_prefix}/sbin'
sharedstatedir='${prefix}/com'
sysconfdir='${prefix}/etc'
target_alias=''

## ----------- ##
## confdefs.h. ##
## ----------- ##

#define HAVE_ALLOCA 1
#define HAVE_ALLOCA_H 1
#define HAVE_ARPA_INET_H 1
#define HAVE_DEV_RANDOM 1
#define HAVE_DLFCN_H 1
#define HAVE_ERRNO_H 1
#define HAVE_FCNTL_H 1
#define HAVE_FREEHOSTENT 1
#define HAVE_GETHOSTBYNAME 1
#define HAVE_GETIPNODEBYNAME 1
#define HAVE_GETOPT_LONG 1
#define HAVE_INTTYPES_H 1
#define HAVE_LIMITS_H 1
#define HAVE_LOCALTIME_R 1
#define HAVE_MEMCPY 1
#define HAVE_MEMORY_H 1
#define HAVE_NETDB_H 1
#define HAVE_NETINET_IN_H 1
#define HAVE_OPENSSL_E_OS2_H 1
#define HAVE_PTHREAD_H 1
#define HAVE_RAND_R 1
#define HAVE_SCHED_H 1
#define HAVE_SIGNAL_H 1
#define HAVE_SNPRINTF 1
#define HAVE_SOCKET 1
#define HAVE_SSL 1
#define HAVE_STDINT_H 1
#define HAVE_STDLIB_H 1
#define HAVE_STRCHR 1
#define HAVE_STRDUP 1
#define HAVE_STRINGS_H 1
#define HAVE_STRINGS_H 1
#define HAVE_STRING_H 1
#define HAVE_STRING_H 1
#define HAVE_STRLEN 1
#define HAVE_STRNCASECMP 1
#define HAVE_STRNCMP 1
#define HAVE_STRNCPY 1
#define HAVE_STRSTR 1
#define HAVE_SYS_RESOURCE_H 1
#define HAVE_SYS_SELECT_H 1
#define HAVE_SYS_SOCKET_H 1
#define HAVE_SYS_STAT_H 1
#define HAVE_SYS_TIMES_H 1
#define HAVE_SYS_TIME_H 1
#define HAVE_SYS_TYPES_H 1
#define HAVE_SYS_WAIT_H 1
#define HAVE_UNISTD_H 1
#define HAVE_UNISTD_H 1
#define HAVE__USR_INCLUDE_OPENSSL_OPENSSLV_H 1
#define PACKAGE "siege"
#define PACKAGE_BUGREPORT ""
#define PACKAGE_NAME ""
#define PACKAGE_STRING ""
#define PACKAGE_TARNAME ""
#define PACKAGE_VERSION ""
#define RETSIGTYPE void
#define STDC_HEADERS 1
#define STDC_HEADERS 1
#define TIME_WITH_SYS_TIME 1
#define VERSION "3.0.5"
#endif
#ifdef __cplusplus
extern "C" void exit (int) throw ();

configure: exit 0
